Interface  : 4pza_A-4pza_B  


218:VAL:A            217:GLN:B      
177:ASN:B            173:LEU:A      
206:ARG:B            176:ALA:A      
180:ALA:B            171:LEU:A      
180:ALA:B            172:LYS:A      
218:VAL:B            218:VAL:A      
177:ASN:B            171:LEU:A      
218:VAL:A            215:SER:B      
219:SER:A            215:SER:B      
218:VAL:B            215:SER:A      
177:ASN:A            174:PRO:B      
180:ALA:A            173:LEU:B      
214:ALA:A            189:TRP:B      
193:SER:A            110:ARG:B      
177:ASN:A            172:LYS:B      
209:LEU:B            181:LEU:A      
213:ASN:A            189:TRP:B      
213:ASN:A            209:LEU:B      
208:ARG:B            111:GLU:A      
180:ALA:A            171:LEU:B      
213:ASN:B            210:ASP:A      
213:ASN:B            209:LEU:A      
195:HIS:B            107:LEU:A      
44:VAL:B             218:VAL:A      
210:ASP:A            110:ARG:B      
206:ARG:A            179:PRO:B      
208:ARG:B            181:LEU:A      
213:ASN:A            191:GLN:B      
212:TRP:A            211:VAL:B      
211:VAL:B            211:VAL:A      
208:ARG:B            110:ARG:A      
206:ARG:B            111:GLU:A      
214:ALA:B            214:ALA:A      
214:ALA:B            213:ASN:A      
180:ALA:A            172:LYS:B      
207:TRP:A            180:ALA:B      
214:ALA:B            189:TRP:A      
209:LEU:A            180:ALA:B      
212:TRP:B            209:LEU:A      
206:ARG:A            107:LEU:B      
212:TRP:A            209:LEU:B      
195:HIS:B            111:GLU:A      
212:TRP:B            211:VAL:A      
213:ASN:B            189:TRP:A      
181:LEU:A            173:LEU:B      
209:LEU:B            180:ALA:A      
206:ARG:A            111:GLU:B      
208:ARG:B            107:LEU:A      
208:ARG:A            111:GLU:B      
208:ARG:B            123:ARG:A      
210:ASP:B            110:ARG:A      
206:ARG:B            112:ASP:A      
173:LEU:A            171:LEU:B      
181:LEU:A            171:LEU:B      
207:TRP:B            180:ALA:A      
206:ARG:B            107:LEU:A      
176:ALA:B            174:PRO:A      
206:ARG:A            112:ASP:B      
180:ALA:B            173:LEU:A      
208:ARG:A            110:ARG:B      
195:HIS:B            110:ARG:A      
213:ASN:A            210:ASP:B      
206:ARG:B            179:PRO:A      
177:ASN:A            173:LEU:B      
174:PRO:A            173:LEU:B      
177:ASN:B            174:PRO:A      
215:SER:B            189:TRP:A      
206:ARG:A            110:ARG:B      
178:TRP:B            173:LEU:A      
209:LEU:B            171:LEU:A      
213:ASN:A            212:TRP:B      
174:PRO:B            174:PRO:A      
208:ARG:A            107:LEU:B      
208:ARG:B            179:PRO:A      
177:ASN:B            172:LYS:A      
208:ARG:B            180:ALA:A      
213:ASN:B            211:VAL:A      
212:TRP:B            181:LEU:A      
212:TRP:A            190:THR:B      
173:LEU:B            173:LEU:A      
206:ARG:B            110:ARG:A      
208:ARG:A            181:LEU:B      
215:SER:A            214:ALA:B      
174:PRO:B            173:LEU:A      
173:LEU:B            171:LEU:A      
212:TRP:B            212:TRP:A      
208:ARG:A            180:ALA:B      
213:ASN:A            211:VAL:B      
213:ASN:B            212:TRP:A      
214:ALA:A            213:ASN:B      
208:ARG:A            179:PRO:B      
212:TRP:B            210:ASP:A      
209:LEU:B            209:LEU:A      
212:TRP:A            210:ASP:B      
212:TRP:A            208:ARG:B      
209:LEU:A            171:LEU:B      
195:HIS:A            110:ARG:B      
215:SER:A            189:TRP:B      
214:ALA:A            211:VAL:B      
181:LEU:B            181:LEU:A      
176:ALA:A            174:PRO:B      
215:SER:B            214:ALA:A      
209:LEU:A            181:LEU:B      
214:ALA:B            211:VAL:A      
212:TRP:A            181:LEU:B      
195:HIS:A            107:LEU:B      
195:HIS:A            111:GLU:B      
213:ASN:B            191:GLN:A      
181:LEU:B            171:LEU:A      
177:ASN:B            177:ASN:A      
177:ASN:A            171:LEU:B      
212:TRP:B            190:THR:A      
209:LEU:A            110:ARG:B      
181:LEU:B            173:LEU:A      
206:ARG:A            108:ALA:B      


