Rank      Residue no.     Chain      Score Diff
  1             208          B         99.015
  2             181          A         83.716
  3             209          A         83.377
  4             181          B         83.104
  5             208          A         82.495
  6             209          B         82.297
  7             110          B         75.728
  8             206          A         62.580
  9             212          A         59.406
 10             212          B         59.397
 11             110          A         57.733
 12             206          B         56.001
 13             177          A         52.889
 14             177          B         50.355
 15             173          A         49.386
 16             173          B         45.228
 17             111          A         43.059
 18             111          B         43.059
 19             171          B         39.924
 20             171          A         39.529
 21             214          B         37.614
 22             214          A         33.181
 23             219          A         31.491
 24             215          B         30.771
 25             218          A         28.118
 26             174          B         22.353
 27             174          A         21.824
 28             218          B         17.933
 29             123          A         16.031
 30             180          B         14.582
 31             180          A         13.879
 32             195          B          9.806
 33             195          A          9.669
 34              44          B          9.321
 35             189          B          7.441
 36             189          A          6.817
 37             213          A          5.928
 38             210          A          5.894
 39             191          A          3.951
 40             191          B          3.951
 41             179          A          3.941
 42             210          B          3.912
 43             179          B          2.957
 44             112          B          2.468
 45             112          A          2.468
 46             178          B          1.914
 47             207          A          1.547
 48             207          B          1.547
 49             217          B          1.299
 50             193          A          0.707
 51             107          A          0.642
 52             107          B          0.524
 53             190          B         -0.323
 54             190          A         -0.323
 55             108          B         -0.727
 56             176          B         -1.014
 57             176          A         -1.059
 58             215          A         -1.062
 59             213          B         -1.442
 60             172          A         -1.456
 61             172          B         -1.456
 62             211          B         -5.772
 63             211          A         -6.289
